00:33:02 **** Rebuild of configuration Debug for project sphere ****
Info: Internal Builder is used for build
g++ -O0 -g3 -Wall -c -fmessage-length=0 -o "src\\sphere.o" "..\\src\\sphere.cpp" 
g++ -o sphere.exe "src\\sphere.o" 
00:33:17 **** Incremental Build of configuration Debug for project sphere ****
Info: Internal Builder is used for build
g++ -O0 -g3 -Wall -c -fmessage-length=0 -o "src\\sphere.o" "..\\src\\sphere.cpp" 
g++ -o sphere.exe "src\\sphere.o" 
00:41:12 **** Incremental Build of configuration Debug for project sphere ****
Info: Internal Builder is used for build
g++ -O0 -g3 -Wall -c -fmessage-length=0 -o "src\\sphere.o" "..\\src\\sphere.cpp" 
g++ -o sphere.exe "src\\sphere.o" 
Info: Nothing to build for sphere
00:44:21 **** Incremental Build of configuration Debug for project sphere ****
Info: Internal Builder is used for build
g++ -O0 -g3 -Wall -c -fmessage-length=0 -o "src\\sphere.o" "..\\src\\sphere.cpp" 
g++ -o sphere.exe "src\\sphere.o" 
Info: Nothing to build for sphere
Info: Nothing to build for sphere
Info: Nothing to build for sphere
Info: Nothing to build for sphere
Info: Nothing to build for sphere
Info: Nothing to build for sphere
00:57:06 **** Incremental Build of configuration Debug for project sphere ****
Info: Internal Builder is used for build
g++ -O0 -g3 -Wall -c -fmessage-length=0 -o "src\\sphere.o" "..\\src\\sphere.cpp" 
..\src\sphere.cpp: In function 'int main()':
..\src\sphere.cpp:9:6: warning: unused variable 'count' [-Wunused-variable]
  int count = 0;
      ^~~~~
g++ -o sphere.exe "src\\sphere.o" 
Info: Nothing to build for sphere
01:03:34 **** Incremental Build of configuration Debug for project sphere ****
Info: Internal Builder is used for build
g++ -O0 -g3 -Wall -c -fmessage-length=0 -o "src\\sphere.o" "..\\src\\sphere.cpp" 
g++ -o sphere.exe "src\\sphere.o" 
01:05:44 **** Incremental Build of configuration Debug for project sphere ****
Info: Internal Builder is used for build
g++ -O0 -g3 -Wall -c -fmessage-length=0 -o "src\\sphere.o" "..\\src\\sphere.cpp" 
g++ -o sphere.exe "src\\sphere.o" 
Info: Nothing to build for sphere
Info: Nothing to build for sphere
Info: Nothing to build for sphere
Info: Nothing to build for sphere
Info: Nothing to build for sphere
01:08:58 **** Incremental Build of configuration Debug for project sphere ****
Info: Internal Builder is used for build
g++ -O0 -g3 -Wall -c -fmessage-length=0 -o "src\\sphere.o" "..\\src\\sphere.cpp" 
g++ -o sphere.exe "src\\sphere.o" 
Info: Nothing to build for sphere
Info: Nothing to build for sphere
Info: Nothing to build for sphere
Info: Nothing to build for sphere
Info: Nothing to build for sphere
01:30:25 **** Incremental Build of configuration Debug for project sphere ****
Info: Internal Builder is used for build
g++ -O0 -g3 -Wall -c -fmessage-length=0 -o "src\\sphere.o" "..\\src\\sphere.cpp" 
g++ -o sphere.exe "src\\sphere.o" 
01:32:29 **** Incremental Build of configuration Debug for project sphere ****
Info: Internal Builder is used for build
g++ -O0 -g3 -Wall -c -fmessage-length=0 -o "src\\sphere.o" "..\\src\\sphere.cpp" 
g++ -o sphere.exe "src\\sphere.o" 
01:37:11 **** Incremental Build of configuration Debug for project sphere ****
Info: Internal Builder is used for build
g++ -O0 -g3 -Wall -c -fmessage-length=0 -o "src\\sphere.o" "..\\src\\sphere.cpp" 
g++ -o sphere.exe "src\\sphere.o" 
Info: Nothing to build for sphere
Info: Nothing to build for sphere
Info: Nothing to build for sphere
